Load "Expansion_Board\\Expansion_Board.axf" 
* JLink Info: Device "CORTEX-M4" selected.
Set JLink Project File to "e:\.Echo\About Me\Competition\EDC\CODE\Expansion_Board\MDK-ARM\JLinkSettings.ini"* JLink Info: Device "CORTEX-M4" selected.

JLink info:
------------
DLL: V6.98e, compiled Mar 29 2021 14:18:39
Firmware: J-Link ARM-OB STM32 compiled Aug 22 2012 19:52:04
Hardware: V7.00
S/N : 20090928 
Feature(s) : RDI,FlashDL,FlashBP,JFlash,GDB 

* JLink Info: Found SW-DP with ID 0x0BB11477
* JLink Info: DPv0 detected
* JLink Info: Scanning AP map to find all available APs
* JLink Info: AP[1]: Stopped AP scan as end of AP map has been reached
* JLink Info: AP[0]: AHB-AP (IDR: 0x04770021)
* JLink Info: Iterating through AP map to find AHB-AP to use
* JLink Info: AP[0]: Core found
* JLink Info: AP[0]: AHB-AP ROM base: 0xE00FF000
* JLink Info: CPUID register: 0x410CC200. Implementer code: 0x41 (ARM)
* JLink Info: Found Cortex-M0 r0p0, Little endian.
* JLink Info: Identified core does not match configuration. (Found: Cortex-M0, Configured: Cortex-M4)
* JLink Info: FPUnit: 4 code (BP) slots and 0 literal slots
* JLink Info: CoreSight components:
* JLink Info: ROMTbl[0] @ E00FF000
* JLink Info: ROMTbl[0][0]: E000E000, CID: B105E00D, PID: 000BB008 SCS
* JLink Info: ROMTbl[0][1]: E0001000, CID: B105E00D, PID: 000BB00A DWT
* JLink Info: ROMTbl[0][2]: E0002000, CID: B105E00D, PID: 000BB00B FPB
ROMTableAddr = 0xE00FF000
* JLink Info: Reset: Halt core after reset via DEMCR.VC_CORERESET.
* JLink Info: Reset: Reset device via AIRCR.SYSRESETREQ.

Target info:
------------
Device: STM32F030K6Tx
VTarget = 3.300V
State of Pins: TCK: 0, TDI: 0, TDO: 1, TMS: 0, TRES: 1, TRST: 0
Hardware-Breakpoints: 4
Software-Breakpoints: 8192
Watchpoints:          2
JTAG speed: 4000 kHz

Erase Done.Programming Done.Verify OK.Flash Load finished at 14:55:15
