*** Using Compiler 'V5.06 update 5 (build 528)', folder: 'D:\Keil_V\ARM\ARMCC\Bin'
Build target 'Expansion_Board'
assembling startup_stm32f030x6.s...
compiling stm32f0xx_hal_msp.c...
compiling stm32f0xx_hal_pwr_ex.c...
compiling stm32f0xx_hal_rcc_ex.c...
compiling main.c...
compiling stm32f0xx_hal_flash.c...
compiling stm32f0xx_it.c...
compiling stm32f0xx_hal_flash_ex.c...
compiling stm32f0xx_hal_cortex.c...
compiling stm32f0xx_hal_pwr.c...
compiling stm32f0xx_hal_i2c_ex.c...
compiling stm32f0xx_hal.c...
compiling stm32f0xx_hal_exti.c...
compiling stm32f0xx_hal_gpio.c...
compiling stm32f0xx_hal_dma.c...
compiling stm32f0xx_hal_rcc.c...
compiling stm32f0xx_hal_tim_ex.c...
compiling stm32f0xx_hal_tim.c...
compiling system_stm32f0xx.c...
compiling stm32f0xx_hal_uart_ex.c...
compiling stm32f0xx_hal_i2c.c...
compiling stm32f0xx_hal_uart.c...
linking...
Program Size: Code=5164 RO-data=264 RW-data=16 ZI-data=1856  
FromELF: creating hex file...
"Expansion_Board\Expansion_Board.axf" - 0 Error(s), 0 Warning(s).
Build Time Elapsed:  00:00:03
